This file contains any messages produced by compilers while
running configure, to aid debugging if configure makes a mistake.

It was created by libxtract configure 0.6.3, which was
generated by GNU Autoconf 2.61.  Invocation command line was

  $ ./configure --enable-fft --no-create --no-recursion

## --------- ##
## Platform. ##
## --------- ##

hostname = Ukulele.local
uname -m = i386
uname -r = 10.4.0
uname -s = Darwin
uname -v = Darwin Kernel Version 10.4.0: Fri Apr 23 18:28:53 PDT 2010; root:xnu-1504.7.4~1/RELEASE_I386

/usr/bin/uname -p = i386
/bin/uname -X     = unknown

/bin/arch              = unknown
/usr/bin/arch -k       = unknown
/usr/convex/getsysinfo = unknown
/usr/bin/hostinfo      = Mach kernel version:
	 Darwin Kernel Version 10.4.0: Fri Apr 23 18:28:53 PDT 2010; root:xnu-1504.7.4~1/RELEASE_I386
Kernel configured for up to 2 processors.
2 processors are physically available.
2 processors are logically available.
Processor type: i486 (Intel 80486)
Processors active: 0 1
Primary memory available: 3.00 gigabytes
Default processor set: 96 tasks, 423 threads, 2 processors
Load average: 4.57, Mach factor: 0.46
/bin/machine           = unknown
/usr/bin/oslevel       = unknown
/bin/universe          = unknown

PATH: /Library/Frameworks/Python.framework/Versions/2.6/bin
PATH: /Library/Frameworks/Python.framework/Versions/Current/bin
PATH: /Library/Frameworks/Python.framework/Versions/Current/bin
PATH: /sw/bin
PATH: /sw/sbin
PATH: /Library/Frameworks/Python.framework/Versions/Current/bin
PATH: /usr/local/bin
PATH: /usr/local/sbin
PATH: /usr/local/mysql/bin
PATH: /Library/Frameworks/Python.framework/Versions/Current/bin
PATH: /usr/bin
PATH: /bin
PATH: /usr/sbin
PATH: /sbin
PATH: /usr/local/bin
PATH: /usr/X11/bin
PATH: /opt/local/bin
PATH: /usr/local/git/bin
PATH: /usr/X11R6/bin
PATH: /Users/mrotondo/Development/android-sdk-mac_86-1/tools
PATH: /Users/mrotondo/Development/flex_sdk_4.0.0.14159/bin


## ----------- ##
## Core tests. ##
## ----------- ##

configure:2020: checking for a BSD-compatible install
configure:2076: result: /usr/bin/install -c
configure:2087: checking whether build environment is sane
configure:2130: result: yes
configure:2158: checking for a thread-safe mkdir -p
configure:2197: result: ./install-sh -c -d
configure:2210: checking for gawk
configure:2240: result: no
configure:2210: checking for mawk
configure:2240: result: no
configure:2210: checking for nawk
configure:2240: result: no
configure:2210: checking for awk
configure:2226: found /usr/bin/awk
configure:2237: result: awk
configure:2248: checking whether make sets $(MAKE)
configure:2269: result: yes
configure:2508: checking for gcc
configure:2524: found /usr/bin/gcc
configure:2535: result: gcc
configure:2773: checking for C compiler version
configure:2780: gcc --version >&5
i686-apple-darwin10-gcc-4.2.1 (GCC) 4.2.1 (Apple Inc. build 5664)
Copyright (C) 2007 Free Software Foundation, Inc.
This is free software; see the source for copying conditions.  There is NO
warranty; not even for MERCHANTABILITY or FITNESS FOR A PARTICULAR PURPOSE.

configure:2783: $? = 0
configure:2790: gcc -v >&5
Using built-in specs.
Target: i686-apple-darwin10
Configured with: /var/tmp/gcc/gcc-5664~89/src/configure --disable-checking --enable-werror --prefix=/usr --mandir=/share/man --enable-languages=c,objc,c++,obj-c++ --program-transform-name=/^[cg][^.-]*$/s/$/-4.2/ --with-slibdir=/usr/lib --build=i686-apple-darwin10 --program-prefix=i686-apple-darwin10- --host=x86_64-apple-darwin10 --target=i686-apple-darwin10 --with-gxx-include-dir=/include/c++/4.2.1
Thread model: posix
gcc version 4.2.1 (Apple Inc. build 5664)
configure:2793: $? = 0
configure:2800: gcc -V >&5
gcc-4.2: argument to `-V' is missing
configure:2803: $? = 1
configure:2826: checking for C compiler default output file name
configure:2853: gcc    conftest.c  >&5
configure:2856: $? = 0
configure:2894: result: a.out
configure:2911: checking whether the C compiler works
configure:2921: ./a.out
configure:2924: $? = 0
configure:2941: result: yes
configure:2948: checking whether we are cross compiling
configure:2950: result: no
configure:2953: checking for suffix of executables
configure:2960: gcc -o conftest    conftest.c  >&5
configure:2963: $? = 0
configure:2987: result: 
configure:2993: checking for suffix of object files
configure:3019: gcc -c   conftest.c >&5
configure:3022: $? = 0
configure:3045: result: o
configure:3049: checking whether we are using the GNU C compiler
configure:3078: gcc -c   conftest.c >&5
configure:3084: $? = 0
configure:3101: result: yes
configure:3106: checking whether gcc accepts -g
configure:3136: gcc -c -g  conftest.c >&5
configure:3142: $? = 0
configure:3241: result: yes
configure:3258: checking for gcc option to accept ISO C89
configure:3332: gcc  -c -g -O2  conftest.c >&5
configure:3338: $? = 0
configure:3361: result: none needed
configure:3390: checking for style of include used by make
configure:3418: result: GNU
configure:3443: checking dependency style of gcc
configure:3534: result: gcc3
configure:3580: checking build system type
configure:3598: result: i386-apple-darwin10.4.0
configure:3620: checking host system type
configure:3635: result: i386-apple-darwin10.4.0
configure:3657: checking for a sed that does not truncate output
configure:3736: result: /usr/bin/sed
configure:3754: checking for grep that handles long lines and -e
configure:3828: result: /usr/bin/grep
configure:3833: checking for egrep
configure:3911: result: /usr/bin/grep -E
configure:3916: checking for fgrep
configure:3994: result: /usr/bin/grep -F
configure:4029: checking for ld used by gcc
configure:4096: result: /usr/libexec/gcc/i686-apple-darwin10/4.2.1/ld
configure:4105: checking if the linker (/usr/libexec/gcc/i686-apple-darwin10/4.2.1/ld) is GNU ld
configure:4120: result: no
configure:4132: checking for BSD- or MS-compatible name lister (nm)
configure:4181: result: /usr/bin/nm
configure:4303: checking the name lister (/usr/bin/nm) interface
configure:4310: gcc -c -g -O2  conftest.c >&5
configure:4313: /usr/bin/nm "conftest.o"
configure:4316: output
0000000000000198 D _some_variable
configure:4323: result: BSD nm
configure:4326: checking whether ln -s works
configure:4330: result: yes
configure:4338: checking the maximum length of command line arguments
configure:4458: result: 196608
configure:4475: checking whether the shell understands some XSI constructs
configure:4485: result: yes
configure:4489: checking whether the shell understands "+="
configure:4495: result: yes
configure:4530: checking for /usr/libexec/gcc/i686-apple-darwin10/4.2.1/ld option to reload object files
configure:4537: result: -r
configure:4564: checking how to recognize dependent libraries
configure:4754: result: pass_all
configure:4814: checking for ar
configure:4830: found /usr/bin/ar
configure:4841: result: ar
configure:4923: checking for strip
configure:4939: found /usr/bin/strip
configure:4950: result: strip
configure:5026: checking for ranlib
configure:5042: found /usr/bin/ranlib
configure:5053: result: ranlib
configure:5147: checking command to parse /usr/bin/nm output from gcc object
configure:5265: gcc -c -g -O2  conftest.c >&5
configure:5268: $? = 0
configure:5272: /usr/bin/nm conftest.o \| sed -n -e 's/^.*[	 ]\([BCDEGRST][BCDEGRST]*\)[	 ][	 ]*\([_A-Za-z][_A-Za-z0-9]*\)$/\1 \2 \2/p' \> conftest.nm
configure:5275: $? = 0
cannot find nm_test_var in conftest.nm
configure:5265: gcc -c -g -O2  conftest.c >&5
configure:5268: $? = 0
configure:5272: /usr/bin/nm conftest.o \| sed -n -e 's/^.*[	 ]\([BCDEGRST][BCDEGRST]*\)[	 ][	 ]*_\([_A-Za-z][_A-Za-z0-9]*\)$/\1 _\2 \2/p' \> conftest.nm
configure:5275: $? = 0
configure:5329: gcc -o conftest -g -O2   conftest.c conftstm.o >&5
configure:5332: $? = 0
configure:5370: result: ok
configure:5660: checking for dsymutil
configure:5676: found /usr/bin/dsymutil
configure:5687: result: dsymutil
configure:5756: checking for nmedit
configure:5772: found /usr/bin/nmedit
configure:5783: result: nmedit
configure:5852: checking for lipo
configure:5868: found /usr/bin/lipo
configure:5879: result: lipo
configure:5948: checking for otool
configure:5964: found /usr/bin/otool
configure:5975: result: otool
configure:6044: checking for otool64
configure:6074: result: no
configure:6123: checking for -single_module linker flag
gcc -g -O2  -o libconftest.dylib -dynamiclib -Wl,-single_module conftest.c
configure:6150: result: yes
configure:6152: checking for -exported_symbols_list linker flag
configure:6182: gcc -o conftest -g -O2   -Wl,-exported_symbols_list,conftest.sym conftest.c  >&5
configure:6188: $? = 0
configure:6207: result: yes
configure:6249: checking how to run the C preprocessor
configure:6289: gcc -E  conftest.c
configure:6295: $? = 0
configure:6326: gcc -E  conftest.c
conftest.c:11:28: error: ac_nonexistent.h: No such file or directory
configure:6332: $? = 1
configure: failed program was:
| /* confdefs.h.  */
| #define PACKAGE_NAME "libxtract"
| #define PACKAGE_TARNAME "libxtract"
| #define PACKAGE_VERSION "0.6.3"
| #define PACKAGE_STRING "libxtract 0.6.3"
| #define PACKAGE_BUGREPORT "libxtract-devel@lists.sourceforge.net"
| #define LIBXTRACT_VERSION 0.6.3
| #define PACKAGE "libxtract"
| #define VERSION "0.6.3"
| /* end confdefs.h.  */
| #include <ac_nonexistent.h>
configure:6365: result: gcc -E
configure:6394: gcc -E  conftest.c
configure:6400: $? = 0
configure:6431: gcc -E  conftest.c
conftest.c:11:28: error: ac_nonexistent.h: No such file or directory
configure:6437: $? = 1
configure: failed program was:
| /* confdefs.h.  */
| #define PACKAGE_NAME "libxtract"
| #define PACKAGE_TARNAME "libxtract"
| #define PACKAGE_VERSION "0.6.3"
| #define PACKAGE_STRING "libxtract 0.6.3"
| #define PACKAGE_BUGREPORT "libxtract-devel@lists.sourceforge.net"
| #define LIBXTRACT_VERSION 0.6.3
| #define PACKAGE "libxtract"
| #define VERSION "0.6.3"
| /* end confdefs.h.  */
| #include <ac_nonexistent.h>
configure:6475: checking for ANSI C header files
configure:6505: gcc -c -g -O2  conftest.c >&5
configure:6511: $? = 0
configure:6610: gcc -o conftest -g -O2   conftest.c  >&5
configure:6613: $? = 0
configure:6619: ./conftest
configure:6622: $? = 0
configure:6639: result: yes
configure:6663: checking for sys/types.h
configure:6684: gcc -c -g -O2  conftest.c >&5
configure:6690: $? = 0
configure:6706: result: yes
configure:6663: checking for sys/stat.h
configure:6684: gcc -c -g -O2  conftest.c >&5
configure:6690: $? = 0
configure:6706: result: yes
configure:6663: checking for stdlib.h
configure:6684: gcc -c -g -O2  conftest.c >&5
configure:6690: $? = 0
configure:6706: result: yes
configure:6663: checking for string.h
configure:6684: gcc -c -g -O2  conftest.c >&5
configure:6690: $? = 0
configure:6706: result: yes
configure:6663: checking for memory.h
configure:6684: gcc -c -g -O2  conftest.c >&5
configure:6690: $? = 0
configure:6706: result: yes
configure:6663: checking for strings.h
configure:6684: gcc -c -g -O2  conftest.c >&5
configure:6690: $? = 0
configure:6706: result: yes
configure:6663: checking for inttypes.h
configure:6684: gcc -c -g -O2  conftest.c >&5
configure:6690: $? = 0
configure:6706: result: yes
configure:6663: checking for stdint.h
configure:6684: gcc -c -g -O2  conftest.c >&5
configure:6690: $? = 0
configure:6706: result: yes
configure:6663: checking for unistd.h
configure:6684: gcc -c -g -O2  conftest.c >&5
configure:6690: $? = 0
configure:6706: result: yes
configure:6722: checking for dlfcn.h
configure:6743: gcc -c -g -O2  conftest.c >&5
configure:6749: $? = 0
configure:6765: result: yes
configure:6949: checking for objdir
configure:6964: result: .libs
configure:7260: checking if gcc supports -fno-rtti -fno-exceptions
configure:7278: gcc -c -g -O2  -fno-rtti -fno-exceptions conftest.c >&5
cc1: warning: command line option "-fno-rtti" is valid for C++/ObjC++ but not for C
configure:7282: $? = 0
configure:7295: result: no
configure:7315: checking for gcc option to produce PIC
configure:7572: result: -fno-common -DPIC
configure:7584: checking if gcc PIC flag -fno-common -DPIC works
configure:7602: gcc -c -g -O2  -fno-common -DPIC -DPIC conftest.c >&5
configure:7606: $? = 0
configure:7619: result: yes
configure:7643: checking if gcc static flag -static works
configure:7671: result: no
configure:7686: checking if gcc supports -c -o file.o
configure:7707: gcc -c -g -O2  -o out/conftest2.o conftest.c >&5
configure:7711: $? = 0
configure:7733: result: yes
configure:7741: checking if gcc supports -c -o file.o
configure:7788: result: yes
configure:7821: checking whether the gcc linker (/usr/libexec/gcc/i686-apple-darwin10/4.2.1/ld) supports shared libraries
configure:8875: result: yes
configure:9114: checking dynamic linker characteristics
configure:9793: result: darwin10.4.0 dyld
configure:9895: checking how to hardcode library paths into programs
configure:9920: result: immediate
configure:10733: checking whether stripping libraries is possible
configure:10747: result: yes
configure:10773: checking if libtool supports shared libraries
configure:10775: result: yes
configure:10778: checking whether to build shared libraries
configure:10799: result: yes
configure:10802: checking whether to build static libraries
configure:10806: result: yes
configure:10854: checking for a BSD-compatible install
configure:10910: result: /usr/bin/install -c
configure:10921: checking whether byte ordering is bigendian
configure:10954: gcc -c -g -O2  conftest.c >&5
configure:10960: $? = 0
configure:10992: gcc -c -g -O2  conftest.c >&5
conftest.c: In function 'main':
conftest.c:30: error: 'not' undeclared (first use in this function)
conftest.c:30: error: (Each undeclared identifier is reported only once
conftest.c:30: error: for each function it appears in.)
conftest.c:30: error: expected ';' before 'big'
configure:10998: $? = 1
configure: failed program was:
| /* confdefs.h.  */
| #define PACKAGE_NAME "libxtract"
| #define PACKAGE_TARNAME "libxtract"
| #define PACKAGE_VERSION "0.6.3"
| #define PACKAGE_STRING "libxtract 0.6.3"
| #define PACKAGE_BUGREPORT "libxtract-devel@lists.sourceforge.net"
| #define LIBXTRACT_VERSION 0.6.3
| #define PACKAGE "libxtract"
| #define VERSION "0.6.3"
| #define STDC_HEADERS 1
| #define HAVE_SYS_TYPES_H 1
| #define HAVE_SYS_STAT_H 1
| #define HAVE_STDLIB_H 1
| #define HAVE_STRING_H 1
| #define HAVE_MEMORY_H 1
| #define HAVE_STRINGS_H 1
| #define HAVE_INTTYPES_H 1
| #define HAVE_STDINT_H 1
| #define HAVE_UNISTD_H 1
| #define HAVE_DLFCN_H 1
| #define LT_OBJDIR ".libs/"
| /* end confdefs.h.  */
| #include <sys/types.h>
| #include <sys/param.h>
| 
| int
| main ()
| {
| #if BYTE_ORDER != BIG_ENDIAN
|  not big endian
| #endif
| 
|   ;
|   return 0;
| }
configure:11138: result: no
configure:11159: checking for pkg-config
configure:11190: result: no
configure:11272: checking math.h, usability
configure:11289: gcc -c -g -O2  conftest.c >&5
conftest.c:56:19: error: math.h,: No such file or directory
configure:11295: $? = 1
configure: failed program was:
| /* confdefs.h.  */
| #define PACKAGE_NAME "libxtract"
| #define PACKAGE_TARNAME "libxtract"
| #define PACKAGE_VERSION "0.6.3"
| #define PACKAGE_STRING "libxtract 0.6.3"
| #define PACKAGE_BUGREPORT "libxtract-devel@lists.sourceforge.net"
| #define LIBXTRACT_VERSION 0.6.3
| #define PACKAGE "libxtract"
| #define VERSION "0.6.3"
| #define STDC_HEADERS 1
| #define HAVE_SYS_TYPES_H 1
| #define HAVE_SYS_STAT_H 1
| #define HAVE_STDLIB_H 1
| #define HAVE_STRING_H 1
| #define HAVE_MEMORY_H 1
| #define HAVE_STRINGS_H 1
| #define HAVE_INTTYPES_H 1
| #define HAVE_STDINT_H 1
| #define HAVE_UNISTD_H 1
| #define HAVE_DLFCN_H 1
| #define LT_OBJDIR ".libs/"
| /* end confdefs.h.  */
| #include <stdio.h>
| #ifdef HAVE_SYS_TYPES_H
| # include <sys/types.h>
| #endif
| #ifdef HAVE_SYS_STAT_H
| # include <sys/stat.h>
| #endif
| #ifdef STDC_HEADERS
| # include <stdlib.h>
| # include <stddef.h>
| #else
| # ifdef HAVE_STDLIB_H
| #  include <stdlib.h>
| # endif
| #endif
| #ifdef HAVE_STRING_H
| # if !defined STDC_HEADERS && defined HAVE_MEMORY_H
| #  include <memory.h>
| # endif
| # include <string.h>
| #endif
| #ifdef HAVE_STRINGS_H
| # include <strings.h>
| #endif
| #ifdef HAVE_INTTYPES_H
| # include <inttypes.h>
| #endif
| #ifdef HAVE_STDINT_H
| # include <stdint.h>
| #endif
| #ifdef HAVE_UNISTD_H
| # include <unistd.h>
| #endif
| #include <math.h,>
configure:11309: result: no
configure:11313: checking math.h, presence
configure:11328: gcc -E  conftest.c
conftest.c:23:19: error: math.h,: No such file or directory
configure:11334: $? = 1
configure: failed program was:
| /* confdefs.h.  */
| #define PACKAGE_NAME "libxtract"
| #define PACKAGE_TARNAME "libxtract"
| #define PACKAGE_VERSION "0.6.3"
| #define PACKAGE_STRING "libxtract 0.6.3"
| #define PACKAGE_BUGREPORT "libxtract-devel@lists.sourceforge.net"
| #define LIBXTRACT_VERSION 0.6.3
| #define PACKAGE "libxtract"
| #define VERSION "0.6.3"
| #define STDC_HEADERS 1
| #define HAVE_SYS_TYPES_H 1
| #define HAVE_SYS_STAT_H 1
| #define HAVE_STDLIB_H 1
| #define HAVE_STRING_H 1
| #define HAVE_MEMORY_H 1
| #define HAVE_STRINGS_H 1
| #define HAVE_INTTYPES_H 1
| #define HAVE_STDINT_H 1
| #define HAVE_UNISTD_H 1
| #define HAVE_DLFCN_H 1
| #define LT_OBJDIR ".libs/"
| /* end confdefs.h.  */
| #include <math.h,>
configure:11348: result: no
configure:11381: checking for math.h,
configure:11389: result: no
configure:11272: checking stdlib.h, usability
configure:11289: gcc -c -g -O2  conftest.c >&5
conftest.c:56:21: error: stdlib.h,: No such file or directory
configure:11295: $? = 1
configure: failed program was:
| /* confdefs.h.  */
| #define PACKAGE_NAME "libxtract"
| #define PACKAGE_TARNAME "libxtract"
| #define PACKAGE_VERSION "0.6.3"
| #define PACKAGE_STRING "libxtract 0.6.3"
| #define PACKAGE_BUGREPORT "libxtract-devel@lists.sourceforge.net"
| #define LIBXTRACT_VERSION 0.6.3
| #define PACKAGE "libxtract"
| #define VERSION "0.6.3"
| #define STDC_HEADERS 1
| #define HAVE_SYS_TYPES_H 1
| #define HAVE_SYS_STAT_H 1
| #define HAVE_STDLIB_H 1
| #define HAVE_STRING_H 1
| #define HAVE_MEMORY_H 1
| #define HAVE_STRINGS_H 1
| #define HAVE_INTTYPES_H 1
| #define HAVE_STDINT_H 1
| #define HAVE_UNISTD_H 1
| #define HAVE_DLFCN_H 1
| #define LT_OBJDIR ".libs/"
| /* end confdefs.h.  */
| #include <stdio.h>
| #ifdef HAVE_SYS_TYPES_H
| # include <sys/types.h>
| #endif
| #ifdef HAVE_SYS_STAT_H
| # include <sys/stat.h>
| #endif
| #ifdef STDC_HEADERS
| # include <stdlib.h>
| # include <stddef.h>
| #else
| # ifdef HAVE_STDLIB_H
| #  include <stdlib.h>
| # endif
| #endif
| #ifdef HAVE_STRING_H
| # if !defined STDC_HEADERS && defined HAVE_MEMORY_H
| #  include <memory.h>
| # endif
| # include <string.h>
| #endif
| #ifdef HAVE_STRINGS_H
| # include <strings.h>
| #endif
| #ifdef HAVE_INTTYPES_H
| # include <inttypes.h>
| #endif
| #ifdef HAVE_STDINT_H
| # include <stdint.h>
| #endif
| #ifdef HAVE_UNISTD_H
| # include <unistd.h>
| #endif
| #include <stdlib.h,>
configure:11309: result: no
configure:11313: checking stdlib.h, presence
configure:11328: gcc -E  conftest.c
conftest.c:23:21: error: stdlib.h,: No such file or directory
configure:11334: $? = 1
configure: failed program was:
| /* confdefs.h.  */
| #define PACKAGE_NAME "libxtract"
| #define PACKAGE_TARNAME "libxtract"
| #define PACKAGE_VERSION "0.6.3"
| #define PACKAGE_STRING "libxtract 0.6.3"
| #define PACKAGE_BUGREPORT "libxtract-devel@lists.sourceforge.net"
| #define LIBXTRACT_VERSION 0.6.3
| #define PACKAGE "libxtract"
| #define VERSION "0.6.3"
| #define STDC_HEADERS 1
| #define HAVE_SYS_TYPES_H 1
| #define HAVE_SYS_STAT_H 1
| #define HAVE_STDLIB_H 1
| #define HAVE_STRING_H 1
| #define HAVE_MEMORY_H 1
| #define HAVE_STRINGS_H 1
| #define HAVE_INTTYPES_H 1
| #define HAVE_STDINT_H 1
| #define HAVE_UNISTD_H 1
| #define HAVE_DLFCN_H 1
| #define LT_OBJDIR ".libs/"
| /* end confdefs.h.  */
| #include <stdlib.h,>
configure:11348: result: no
configure:11381: checking for stdlib.h,
configure:11389: result: no
configure:11272: checking stdio.h usability
configure:11289: gcc -c -g -O2  conftest.c >&5
configure:11295: $? = 0
configure:11309: result: yes
configure:11313: checking stdio.h presence
configure:11328: gcc -E  conftest.c
configure:11334: $? = 0
configure:11348: result: yes
configure:11381: checking for stdio.h
configure:11389: result: yes
configure:11404: checking for doxygen
configure:11434: result: no
configure:12786: checking fftw3.h usability
configure:12803: gcc -c -g -O2 -pedantic -ansi -fno-strict-aliasing -Wall -std=c99 -I/usr/local/include  conftest.c >&5
configure:12809: $? = 0
configure:12823: result: yes
configure:12827: checking fftw3.h presence
configure:12842: gcc -E  conftest.c
configure:12848: $? = 0
configure:12862: result: yes
configure:12895: checking for fftw3.h
configure:12902: result: yes
configure:13161: creating ./config.status

## ---------------- ##
## Cache variables. ##
## ---------------- ##

ac_cv_build=i386-apple-darwin10.4.0
ac_cv_c_bigendian=no
ac_cv_c_compiler_gnu=yes
ac_cv_env_CC_set=
ac_cv_env_CC_value=
ac_cv_env_CFLAGS_set=
ac_cv_env_CFLAGS_value=
ac_cv_env_CPPFLAGS_set=
ac_cv_env_CPPFLAGS_value=
ac_cv_env_CPP_set=
ac_cv_env_CPP_value=
ac_cv_env_LDFLAGS_set=
ac_cv_env_LDFLAGS_value=
ac_cv_env_LIBS_set=
ac_cv_env_LIBS_value=
ac_cv_env_PYTHON_VERSION_set=
ac_cv_env_PYTHON_VERSION_value=
ac_cv_env_build_alias_set=
ac_cv_env_build_alias_value=
ac_cv_env_host_alias_set=
ac_cv_env_host_alias_value=
ac_cv_env_target_alias_set=
ac_cv_env_target_alias_value=
ac_cv_header_dlfcn_h=yes
ac_cv_header_fftw3_h=yes
ac_cv_header_inttypes_h=yes
ac_cv_header_math_h_=no
ac_cv_header_memory_h=yes
ac_cv_header_stdc=yes
ac_cv_header_stdint_h=yes
ac_cv_header_stdio_h=yes
ac_cv_header_stdlib_h=yes
ac_cv_header_stdlib_h_=no
ac_cv_header_string_h=yes
ac_cv_header_strings_h=yes
ac_cv_header_sys_stat_h=yes
ac_cv_header_sys_types_h=yes
ac_cv_header_unistd_h=yes
ac_cv_host=i386-apple-darwin10.4.0
ac_cv_objext=o
ac_cv_path_EGREP='/usr/bin/grep -E'
ac_cv_path_FGREP='/usr/bin/grep -F'
ac_cv_path_GREP=/usr/bin/grep
ac_cv_path_PKG_CONFIG=no
ac_cv_path_SED=/usr/bin/sed
ac_cv_path_install='/usr/bin/install -c'
ac_cv_prog_AWK=awk
ac_cv_prog_CPP='gcc -E'
ac_cv_prog_ac_ct_AR=ar
ac_cv_prog_ac_ct_CC=gcc
ac_cv_prog_ac_ct_DSYMUTIL=dsymutil
ac_cv_prog_ac_ct_LIPO=lipo
ac_cv_prog_ac_ct_NMEDIT=nmedit
ac_cv_prog_ac_ct_OTOOL=otool
ac_cv_prog_ac_ct_RANLIB=ranlib
ac_cv_prog_ac_ct_STRIP=strip
ac_cv_prog_cc_c89=
ac_cv_prog_cc_g=yes
ac_cv_prog_make_make_set=yes
am_cv_CC_dependencies_compiler_type=gcc3
lt_cv_apple_cc_single_mod=yes
lt_cv_deplibs_check_method=pass_all
lt_cv_file_magic_cmd='$MAGIC_CMD'
lt_cv_file_magic_test_file=
lt_cv_ld_exported_symbols_list=yes
lt_cv_ld_reload_flag=-r
lt_cv_nm_interface='BSD nm'
lt_cv_objdir=.libs
lt_cv_path_LD=/usr/libexec/gcc/i686-apple-darwin10/4.2.1/ld
lt_cv_path_NM=/usr/bin/nm
lt_cv_prog_compiler_c_o=yes
lt_cv_prog_compiler_pic_works=yes
lt_cv_prog_compiler_rtti_exceptions=no
lt_cv_prog_compiler_static_works=no
lt_cv_prog_gnu_ld=no
lt_cv_sys_global_symbol_pipe='sed -n -e '\''s/^.*[	 ]\([BCDEGRST][BCDEGRST]*\)[	 ][	 ]*_\([_A-Za-z][_A-Za-z0-9]*\)$/\1 _\2 \2/p'\'''
lt_cv_sys_global_symbol_to_c_name_address='sed -n -e '\''s/^: \([^ ]*\) $/  {\"\1\", (void *) 0},/p'\'' -e '\''s/^[BCDEGRST]* \([^ ]*\) \([^ ]*\)$/  {"\2", (void *) \&\2},/p'\'''
lt_cv_sys_global_symbol_to_c_name_address_lib_prefix='sed -n -e '\''s/^: \([^ ]*\) $/  {\"\1\", (void *) 0},/p'\'' -e '\''s/^[BCDEGRST]* \([^ ]*\) \(lib[^ ]*\)$/  {"\2", (void *) \&\2},/p'\'' -e '\''s/^[BCDEGRST]* \([^ ]*\) \([^ ]*\)$/  {"lib\2", (void *) \&\2},/p'\'''
lt_cv_sys_global_symbol_to_cdecl='sed -n -e '\''s/^T .* \(.*\)$/extern int \1();/p'\'' -e '\''s/^[BCDEGRST]* .* \(.*\)$/extern char \1;/p'\'''
lt_cv_sys_max_cmd_len=196608

## ----------------- ##
## Output variables. ##
## ----------------- ##

ACLOCAL='${SHELL} /Users/mrotondo/Development/ccrma/256a/hw3/libxtract-0.6.3/missing --run aclocal-1.10'
AMDEPBACKSLASH='\'
AMDEP_FALSE='#'
AMDEP_TRUE=''
AMTAR='${SHELL} /Users/mrotondo/Development/ccrma/256a/hw3/libxtract-0.6.3/missing --run tar'
AR='ar'
AUTOCONF='${SHELL} /Users/mrotondo/Development/ccrma/256a/hw3/libxtract-0.6.3/missing --run autoconf'
AUTOHEADER='${SHELL} /Users/mrotondo/Development/ccrma/256a/hw3/libxtract-0.6.3/missing --run autoheader'
AUTOMAKE='${SHELL} /Users/mrotondo/Development/ccrma/256a/hw3/libxtract-0.6.3/missing --run automake-1.10'
AWK='awk'
BUILD_FFT_FALSE='#'
BUILD_FFT_TRUE=''
BUILD_JAVA_FALSE=''
BUILD_JAVA_TRUE='#'
BUILD_PD_EXAMPLE_FALSE=''
BUILD_PD_EXAMPLE_TRUE='#'
BUILD_PYTHON_FALSE=''
BUILD_PYTHON_TRUE='#'
BUILD_SIMPLETEST_FALSE=''
BUILD_SIMPLETEST_TRUE='#'
BUILD_SWIG_FALSE=''
BUILD_SWIG_TRUE='#'
CC='gcc'
CCDEPMODE='depmode=gcc3'
CFLAGS='-g -O2 -pedantic -ansi -fno-strict-aliasing -Wall -std=c99 -I/usr/local/include'
CPP='gcc -E'
CPPFLAGS=''
CYGPATH_W='echo'
DEFS='-DHAVE_CONFIG_H'
DEPDIR='.deps'
DOXYGEN=''
DSYMUTIL='dsymutil'
DUMPBIN=''
ECHO_C=''
ECHO_N='-n'
ECHO_T=''
EGREP='/usr/bin/grep -E'
EXEEXT=''
FGREP='/usr/bin/grep -F'
GREP='/usr/bin/grep'
INSTALL_DATA='${INSTALL} -m 644'
INSTALL_PROGRAM='${INSTALL}'
INSTALL_SCRIPT='${INSTALL}'
INSTALL_STRIP_PROGRAM='$(install_sh) -c -s'
JAVAC=''
LD='/usr/libexec/gcc/i686-apple-darwin10/4.2.1/ld'
LDFLAGS=' -lm -lfftw3'
LIBOBJS=''
LIBS=''
LIBTOOL='$(SHELL) $(top_builddir)/libtool'
LIPO='lipo'
LN_S='ln -s'
LTLIBOBJS=''
MAKEINFO='${SHELL} /Users/mrotondo/Development/ccrma/256a/hw3/libxtract-0.6.3/missing --run makeinfo'
NM='/usr/bin/nm'
NMEDIT='nmedit'
OBJEXT='o'
OTOOL64=':'
OTOOL='otool'
PACKAGE='libxtract'
PACKAGE_BUGREPORT='libxtract-devel@lists.sourceforge.net'
PACKAGE_NAME='libxtract'
PACKAGE_STRING='libxtract 0.6.3'
PACKAGE_TARNAME='libxtract'
PACKAGE_VERSION='0.6.3'
PATH_SEPARATOR=':'
PD_CFLAGS=' -DUNIX -Wall -Wimplicit -Wunused -Wmissing-prototypes -DPD'
PD_LDFLAGS=' -dynamiclib -mmacosx-version-min=10.3 -undefined dynamic_lookup -single_module'
PD_SOURCES=''
PD_SUFFIX='pd_darwin'
PKG_CONFIG='no'
PYTHON=''
PYTHON_CPPFLAGS=''
PYTHON_EXEC_PREFIX=''
PYTHON_EXTRA_LDFLAGS=''
PYTHON_EXTRA_LIBS=''
PYTHON_LDFLAGS=''
PYTHON_PLATFORM=''
PYTHON_PREFIX=''
PYTHON_SITE_PKG=''
PYTHON_VERSION=''
RANLIB='ranlib'
SED='/usr/bin/sed'
SET_MAKE=''
SHELL='/bin/sh'
STRIP='strip'
SWIG=''
SWIG_LIB=''
SWIG_PYTHON_CPPFLAGS=''
SWIG_PYTHON_OPT=''
VERSION='0.6.3'
_ACJNI_JAVAC=''
ac_ct_CC='gcc'
ac_ct_DUMPBIN=''
am__fastdepCC_FALSE='#'
am__fastdepCC_TRUE=''
am__include='include'
am__isrc=''
am__leading_dot='.'
am__quote=''
am__tar='${AMTAR} chof - "$$tardir"'
am__untar='${AMTAR} xf -'
bindir='${exec_prefix}/bin'
build='i386-apple-darwin10.4.0'
build_alias=''
build_cpu='i386'
build_os='darwin10.4.0'
build_vendor='apple'
datadir='${datarootdir}'
datarootdir='${prefix}/share'
docdir='${datarootdir}/doc/${PACKAGE_TARNAME}'
dvidir='${docdir}'
exec_prefix='${prefix}'
host='i386-apple-darwin10.4.0'
host_alias=''
host_cpu='i386'
host_os='darwin10.4.0'
host_vendor='apple'
htmldir='${docdir}'
includedir='${prefix}/include'
infodir='${datarootdir}/info'
install_sh='$(SHELL) /Users/mrotondo/Development/ccrma/256a/hw3/libxtract-0.6.3/install-sh'
libdir='${exec_prefix}/lib'
libexecdir='${exec_prefix}/libexec'
localedir='${datarootdir}/locale'
localstatedir='${prefix}/var'
lt_ECHO='echo'
mandir='${datarootdir}/man'
mkdir_p='$(top_builddir)/./install-sh -c -d'
oldincludedir='/usr/include'
pdfdir='${docdir}'
pkgpyexecdir=''
pkgpythondir=''
prefix='/usr/local'
program_transform_name='s,x,x,'
psdir='${docdir}'
pyexecdir=''
pythondir=''
sbindir='${exec_prefix}/sbin'
sharedstatedir='${prefix}/com'
sysconfdir='${prefix}/etc'
target_alias=''

## ----------- ##
## confdefs.h. ##
## ----------- ##

#define PACKAGE_NAME "libxtract"
#define PACKAGE_TARNAME "libxtract"
#define PACKAGE_VERSION "0.6.3"
#define PACKAGE_STRING "libxtract 0.6.3"
#define PACKAGE_BUGREPORT "libxtract-devel@lists.sourceforge.net"
#define LIBXTRACT_VERSION 0.6.3
#define PACKAGE "libxtract"
#define VERSION "0.6.3"
#define STDC_HEADERS 1
#define HAVE_SYS_TYPES_H 1
#define HAVE_SYS_STAT_H 1
#define HAVE_STDLIB_H 1
#define HAVE_STRING_H 1
#define HAVE_MEMORY_H 1
#define HAVE_STRINGS_H 1
#define HAVE_INTTYPES_H 1
#define HAVE_STDINT_H 1
#define HAVE_UNISTD_H 1
#define HAVE_DLFCN_H 1
#define LT_OBJDIR ".libs/"
#define HAVE_STDIO_H 1
#define BUILD_FFT 1
#define XTRACT_FFT_OPTIMISATION_LEVEL 1

configure: exit 0

## ---------------------- ##
## Running config.status. ##
## ---------------------- ##

This file was extended by libxtract config.status 0.6.3, which was
generated by GNU Autoconf 2.61.  Invocation command line was

  CONFIG_FILES    = 
  CONFIG_HEADERS  = 
  CONFIG_LINKS    = 
  CONFIG_COMMANDS = 
  $ ./config.status 

on Ukulele.local

config.status:892: creating doc/documentation.doxygen
config.status:892: creating libxtract.pc
config.status:892: creating Makefile
config.status:892: creating src/Makefile
config.status:892: creating xtract/Makefile
config.status:892: creating doc/Makefile
config.status:892: creating examples/Makefile
config.status:892: creating examples/puredata/Makefile
config.status:892: creating examples/simpletest/Makefile
config.status:892: creating swig/Makefile
config.status:892: creating swig/python/Makefile
config.status:892: creating swig/java/Makefile
config.status:892: creating config.h
config.status:1124: config.h is unchanged
config.status:1170: executing depfiles commands
config.status:1170: executing libtool commands

## ---------------------- ##
## Running config.status. ##
## ---------------------- ##

This file was extended by libxtract config.status 0.6.3, which was
generated by GNU Autoconf 2.61.  Invocation command line was

  CONFIG_FILES    = 
  CONFIG_HEADERS  = 
  CONFIG_LINKS    = 
  CONFIG_COMMANDS = 
  $ ./config.status config.h

on Ukulele.local

config.status:892: creating config.h
config.status:1124: config.h is unchanged
