This file contains any messages produced by compilers while
running configure, to aid debugging if configure makes a mistake.

It was created by STK configure 4.4, which was
generated by GNU Autoconf 2.61.  Invocation command line was

  $ ./configure --with-core --build=i686-apple-darwin10 --host=x86_64-apple-darwin10

## --------- ##
## Platform. ##
## --------- ##

hostname = Ukulele.local
uname -m = i386
uname -r = 10.4.0
uname -s = Darwin
uname -v = Darwin Kernel Version 10.4.0: Fri Apr 23 18:28:53 PDT 2010; root:xnu-1504.7.4~1/RELEASE_I386

/usr/bin/uname -p = i386
/bin/uname -X     = unknown

/bin/arch              = unknown
/usr/bin/arch -k       = unknown
/usr/convex/getsysinfo = unknown
/usr/bin/hostinfo      = Mach kernel version:
	 Darwin Kernel Version 10.4.0: Fri Apr 23 18:28:53 PDT 2010; root:xnu-1504.7.4~1/RELEASE_I386
Kernel configured for up to 2 processors.
2 processors are physically available.
2 processors are logically available.
Processor type: i486 (Intel 80486)
Processors active: 0 1
Primary memory available: 3.00 gigabytes
Default processor set: 89 tasks, 427 threads, 2 processors
Load average: 0.79, Mach factor: 1.37
/bin/machine           = unknown
/usr/bin/oslevel       = unknown
/bin/universe          = unknown

PATH: Users/mrotondo/.local/bin
PATH: /Library/Frameworks/Python.framework/Versions/2.6/bin
PATH: /Library/Frameworks/Python.framework/Versions/Current/bin
PATH: /Library/Frameworks/Python.framework/Versions/Current/bin
PATH: /sw2/bin
PATH: /sw2/sbin
PATH: /Library/Frameworks/Python.framework/Versions/Current/bin
PATH: /usr/local/bin
PATH: /usr/local/sbin
PATH: /usr/local/mysql/bin
PATH: /Library/Frameworks/Python.framework/Versions/Current/bin
PATH: /usr/bin
PATH: /bin
PATH: /usr/sbin
PATH: /sbin
PATH: /usr/local/bin
PATH: /usr/X11/bin
PATH: /opt/local/bin
PATH: /usr/local/git/bin
PATH: /usr/X11R6/bin
PATH: /Users/mrotondo/Development/android-sdk-mac_86-1/tools
PATH: /Users/mrotondo/Development/flex_sdk_4.0.0.14159/bin


## ----------- ##
## Core tests. ##
## ----------- ##

configure:1789: checking for x86_64-apple-darwin10-g++
configure:1819: result: no
configure:1789: checking for x86_64-apple-darwin10-CC
configure:1819: result: no
configure:1789: checking for x86_64-apple-darwin10-c++
configure:1819: result: no
configure:1789: checking for x86_64-apple-darwin10-cxx
configure:1819: result: no
configure:1833: checking for g++
configure:1849: found /usr/bin/g++
configure:1860: result: g++
configure:1878: WARNING: In the future, Autoconf will not detect cross-tools
whose name does not start with the host triplet.  If you think this
configuration is useful to you, please write to autoconf@gnu.org.
configure:1891: checking for C++ compiler version
configure:1898: g++ --version >&5
i686-apple-darwin10-g++-4.2.1 (GCC) 4.2.1 (Apple Inc. build 5664)
Copyright (C) 2007 Free Software Foundation, Inc.
This is free software; see the source for copying conditions.  There is NO
warranty; not even for MERCHANTABILITY or FITNESS FOR A PARTICULAR PURPOSE.

configure:1901: $? = 0
configure:1908: g++ -v >&5
Using built-in specs.
Target: i686-apple-darwin10
Configured with: /var/tmp/gcc/gcc-5664~89/src/configure --disable-checking --enable-werror --prefix=/usr --mandir=/share/man --enable-languages=c,objc,c++,obj-c++ --program-transform-name=/^[cg][^.-]*$/s/$/-4.2/ --with-slibdir=/usr/lib --build=i686-apple-darwin10 --program-prefix=i686-apple-darwin10- --host=x86_64-apple-darwin10 --target=i686-apple-darwin10 --with-gxx-include-dir=/include/c++/4.2.1
Thread model: posix
gcc version 4.2.1 (Apple Inc. build 5664)
configure:1911: $? = 0
configure:1918: g++ -V >&5
g++-4.2: argument to `-V' is missing
configure:1921: $? = 1
configure:1944: checking for C++ compiler default output file name
configure:1971: g++    conftest.cpp  >&5
configure:1974: $? = 0
configure:2012: result: a.out
configure:2029: checking whether the C++ compiler works
configure:2059: result: yes
configure:2066: checking whether we are cross compiling
configure:2068: result: yes
configure:2071: checking for suffix of executables
configure:2078: g++ -o conftest    conftest.cpp  >&5
configure:2081: $? = 0
configure:2105: result: 
configure:2111: checking for suffix of object files
configure:2137: g++ -c   conftest.cpp >&5
configure:2140: $? = 0
configure:2163: result: o
configure:2167: checking whether we are using the GNU C++ compiler
configure:2196: g++ -c   conftest.cpp >&5
configure:2202: $? = 0
configure:2219: result: yes
configure:2224: checking whether g++ accepts -g
configure:2254: g++ -c -g  conftest.cpp >&5
configure:2260: $? = 0
configure:2359: result: yes
configure:2385: checking for x86_64-apple-darwin10-ranlib
configure:2415: result: no
configure:2425: checking for ranlib
configure:2441: found /usr/bin/ranlib
configure:2452: result: ranlib
configure:2480: checking for ar
configure:2498: found /usr/bin/ar
configure:2511: result: /usr/bin/ar
configure:2534: checking for x86_64-apple-darwin10-gcc
configure:2564: result: no
configure:2574: checking for gcc
configure:2590: found /usr/bin/gcc
configure:2601: result: gcc
configure:2839: checking for C compiler version
configure:2846: gcc --version >&5
i686-apple-darwin10-gcc-4.2.1 (GCC) 4.2.1 (Apple Inc. build 5664)
Copyright (C) 2007 Free Software Foundation, Inc.
This is free software; see the source for copying conditions.  There is NO
warranty; not even for MERCHANTABILITY or FITNESS FOR A PARTICULAR PURPOSE.

configure:2849: $? = 0
configure:2856: gcc -v >&5
Using built-in specs.
Target: i686-apple-darwin10
Configured with: /var/tmp/gcc/gcc-5664~89/src/configure --disable-checking --enable-werror --prefix=/usr --mandir=/share/man --enable-languages=c,objc,c++,obj-c++ --program-transform-name=/^[cg][^.-]*$/s/$/-4.2/ --with-slibdir=/usr/lib --build=i686-apple-darwin10 --program-prefix=i686-apple-darwin10- --host=x86_64-apple-darwin10 --target=i686-apple-darwin10 --with-gxx-include-dir=/include/c++/4.2.1
Thread model: posix
gcc version 4.2.1 (Apple Inc. build 5664)
configure:2859: $? = 0
configure:2866: gcc -V >&5
gcc-4.2: argument to `-V' is missing
configure:2869: $? = 1
configure:2872: checking whether we are using the GNU C compiler
configure:2901: gcc -c   conftest.c >&5
configure:2907: $? = 0
configure:2924: result: yes
configure:2929: checking whether gcc accepts -g
configure:2959: gcc -c -g  conftest.c >&5
configure:2965: $? = 0
configure:3064: result: yes
configure:3081: checking for gcc option to accept ISO C89
configure:3155: gcc  -c -g -O2  conftest.c >&5
configure:3161: $? = 0
configure:3184: result: none needed
configure:3208: checking how to run the C preprocessor
configure:3248: gcc -E  conftest.c
configure:3254: $? = 0
configure:3285: gcc -E  conftest.c
conftest.c:8:28: error: ac_nonexistent.h: No such file or directory
configure:3291: $? = 1
configure: failed program was:
| /* confdefs.h.  */
| #define PACKAGE_NAME "STK"
| #define PACKAGE_TARNAME "stk"
| #define PACKAGE_VERSION "4.4"
| #define PACKAGE_STRING "STK 4.4"
| #define PACKAGE_BUGREPORT "gary@music.mcgill.ca"
| /* end confdefs.h.  */
| #include <ac_nonexistent.h>
configure:3324: result: gcc -E
configure:3353: gcc -E  conftest.c
configure:3359: $? = 0
configure:3390: gcc -E  conftest.c
conftest.c:8:28: error: ac_nonexistent.h: No such file or directory
configure:3396: $? = 1
configure: failed program was:
| /* confdefs.h.  */
| #define PACKAGE_NAME "STK"
| #define PACKAGE_TARNAME "stk"
| #define PACKAGE_VERSION "4.4"
| #define PACKAGE_STRING "STK 4.4"
| #define PACKAGE_BUGREPORT "gary@music.mcgill.ca"
| /* end confdefs.h.  */
| #include <ac_nonexistent.h>
configure:3434: checking for grep that handles long lines and -e
configure:3508: result: /usr/bin/grep
configure:3513: checking for egrep
configure:3591: result: /usr/bin/grep -E
configure:3596: checking for ANSI C header files
configure:3626: gcc -c -g -O2  conftest.c >&5
configure:3632: $? = 0
configure:3760: result: yes
configure:3784: checking for sys/types.h
configure:3805: gcc -c -g -O2  conftest.c >&5
configure:3811: $? = 0
configure:3827: result: yes
configure:3784: checking for sys/stat.h
configure:3805: gcc -c -g -O2  conftest.c >&5
configure:3811: $? = 0
configure:3827: result: yes
configure:3784: checking for stdlib.h
configure:3805: gcc -c -g -O2  conftest.c >&5
configure:3811: $? = 0
configure:3827: result: yes
configure:3784: checking for string.h
configure:3805: gcc -c -g -O2  conftest.c >&5
configure:3811: $? = 0
configure:3827: result: yes
configure:3784: checking for memory.h
configure:3805: gcc -c -g -O2  conftest.c >&5
configure:3811: $? = 0
configure:3827: result: yes
configure:3784: checking for strings.h
configure:3805: gcc -c -g -O2  conftest.c >&5
configure:3811: $? = 0
configure:3827: result: yes
configure:3784: checking for inttypes.h
configure:3805: gcc -c -g -O2  conftest.c >&5
configure:3811: $? = 0
configure:3827: result: yes
configure:3784: checking for stdint.h
configure:3805: gcc -c -g -O2  conftest.c >&5
configure:3811: $? = 0
configure:3827: result: yes
configure:3784: checking for unistd.h
configure:3805: gcc -c -g -O2  conftest.c >&5
configure:3811: $? = 0
configure:3827: result: yes
configure:3858: checking fcntl.h usability
configure:3875: gcc -c -g -O2  conftest.c >&5
configure:3881: $? = 0
configure:3895: result: yes
configure:3899: checking fcntl.h presence
configure:3914: gcc -E  conftest.c
configure:3920: $? = 0
configure:3934: result: yes
configure:3967: checking for fcntl.h
configure:3975: result: yes
configure:3858: checking sys/ioctl.h usability
configure:3875: gcc -c -g -O2  conftest.c >&5
configure:3881: $? = 0
configure:3895: result: yes
configure:3899: checking sys/ioctl.h presence
configure:3914: gcc -E  conftest.c
configure:3920: $? = 0
configure:3934: result: yes
configure:3967: checking for sys/ioctl.h
configure:3975: result: yes
configure:3858: checking sys/time.h usability
configure:3875: gcc -c -g -O2  conftest.c >&5
configure:3881: $? = 0
configure:3895: result: yes
configure:3899: checking sys/time.h presence
configure:3914: gcc -E  conftest.c
configure:3920: $? = 0
configure:3934: result: yes
configure:3967: checking for sys/time.h
configure:3975: result: yes
configure:3858: checking termio.h usability
configure:3875: gcc -c -g -O2  conftest.c >&5
conftest.c:54:20: error: termio.h: No such file or directory
configure:3881: $? = 1
configure: failed program was:
| /* confdefs.h.  */
| #define PACKAGE_NAME "STK"
| #define PACKAGE_TARNAME "stk"
| #define PACKAGE_VERSION "4.4"
| #define PACKAGE_STRING "STK 4.4"
| #define PACKAGE_BUGREPORT "gary@music.mcgill.ca"
| #define STDC_HEADERS 1
| #define HAVE_SYS_TYPES_H 1
| #define HAVE_SYS_STAT_H 1
| #define HAVE_STDLIB_H 1
| #define HAVE_STRING_H 1
| #define HAVE_MEMORY_H 1
| #define HAVE_STRINGS_H 1
| #define HAVE_INTTYPES_H 1
| #define HAVE_STDINT_H 1
| #define HAVE_UNISTD_H 1
| #define HAVE_FCNTL_H 1
| #define HAVE_SYS_IOCTL_H 1
| #define HAVE_SYS_TIME_H 1
| /* end confdefs.h.  */
| #include <stdio.h>
| #ifdef HAVE_SYS_TYPES_H
| # include <sys/types.h>
| #endif
| #ifdef HAVE_SYS_STAT_H
| # include <sys/stat.h>
| #endif
| #ifdef STDC_HEADERS
| # include <stdlib.h>
| # include <stddef.h>
| #else
| # ifdef HAVE_STDLIB_H
| #  include <stdlib.h>
| # endif
| #endif
| #ifdef HAVE_STRING_H
| # if !defined STDC_HEADERS && defined HAVE_MEMORY_H
| #  include <memory.h>
| # endif
| # include <string.h>
| #endif
| #ifdef HAVE_STRINGS_H
| # include <strings.h>
| #endif
| #ifdef HAVE_INTTYPES_H
| # include <inttypes.h>
| #endif
| #ifdef HAVE_STDINT_H
| # include <stdint.h>
| #endif
| #ifdef HAVE_UNISTD_H
| # include <unistd.h>
| #endif
| #include <termio.h>
configure:3895: result: no
configure:3899: checking termio.h presence
configure:3914: gcc -E  conftest.c
conftest.c:21:20: error: termio.h: No such file or directory
configure:3920: $? = 1
configure: failed program was:
| /* confdefs.h.  */
| #define PACKAGE_NAME "STK"
| #define PACKAGE_TARNAME "stk"
| #define PACKAGE_VERSION "4.4"
| #define PACKAGE_STRING "STK 4.4"
| #define PACKAGE_BUGREPORT "gary@music.mcgill.ca"
| #define STDC_HEADERS 1
| #define HAVE_SYS_TYPES_H 1
| #define HAVE_SYS_STAT_H 1
| #define HAVE_STDLIB_H 1
| #define HAVE_STRING_H 1
| #define HAVE_MEMORY_H 1
| #define HAVE_STRINGS_H 1
| #define HAVE_INTTYPES_H 1
| #define HAVE_STDINT_H 1
| #define HAVE_UNISTD_H 1
| #define HAVE_FCNTL_H 1
| #define HAVE_SYS_IOCTL_H 1
| #define HAVE_SYS_TIME_H 1
| /* end confdefs.h.  */
| #include <termio.h>
configure:3934: result: no
configure:3967: checking for termio.h
configure:3975: result: no
configure:3848: checking for unistd.h
configure:3854: result: yes
configure:3990: checking for an ANSI C-conforming const
configure:4065: gcc -c -g -O2  conftest.c >&5
configure:4071: $? = 0
configure:4086: result: yes
configure:4096: checking for size_t
configure:4126: gcc -c -g -O2  conftest.c >&5
configure:4132: $? = 0
configure:4147: result: yes
configure:4159: checking whether time.h and sys/time.h may both be included
configure:4189: gcc -c -g -O2  conftest.c >&5
configure:4195: $? = 0
configure:4210: result: yes
configure:4220: checking whether byte ordering is bigendian
configure:4253: gcc -c -g -O2  conftest.c >&5
configure:4259: $? = 0
configure:4291: gcc -c -g -O2  conftest.c >&5
conftest.c: In function 'main':
conftest.c:30: error: 'not' undeclared (first use in this function)
conftest.c:30: error: (Each undeclared identifier is reported only once
conftest.c:30: error: for each function it appears in.)
conftest.c:30: error: expected ';' before 'big'
configure:4297: $? = 1
configure: failed program was:
| /* confdefs.h.  */
| #define PACKAGE_NAME "STK"
| #define PACKAGE_TARNAME "stk"
| #define PACKAGE_VERSION "4.4"
| #define PACKAGE_STRING "STK 4.4"
| #define PACKAGE_BUGREPORT "gary@music.mcgill.ca"
| #define STDC_HEADERS 1
| #define HAVE_SYS_TYPES_H 1
| #define HAVE_SYS_STAT_H 1
| #define HAVE_STDLIB_H 1
| #define HAVE_STRING_H 1
| #define HAVE_MEMORY_H 1
| #define HAVE_STRINGS_H 1
| #define HAVE_INTTYPES_H 1
| #define HAVE_STDINT_H 1
| #define HAVE_UNISTD_H 1
| #define HAVE_FCNTL_H 1
| #define HAVE_SYS_IOCTL_H 1
| #define HAVE_SYS_TIME_H 1
| #define HAVE_UNISTD_H 1
| #define TIME_WITH_SYS_TIME 1
| /* end confdefs.h.  */
| #include <sys/types.h>
| #include <sys/param.h>
| 
| int
| main ()
| {
| #if BYTE_ORDER != BIG_ENDIAN
|  not big endian
| #endif
| 
|   ;
|   return 0;
| }
configure:4437: result: no
configure:4475: checking for RAWWAVE_PATH argument
configure:4479: result: 
configure:4482: checking for INCLUDE_PATH argument
configure:4486: result: 
configure:4490: checking whether to compile realtime support
configure:4502: result: yes
configure:4507: checking for cos in -lm
configure:4542: gcc -o conftest -g -O2   conftest.c -lm   >&5
conftest.c:30: warning: conflicting types for built-in function 'cos'
configure:4548: $? = 0
configure:4566: result: yes
configure:4583: checking whether to compile debug version
configure:4596: result: no
configure:4608: checking for select
configure:4664: gcc -o conftest -g -O2   conftest.c -lm  >&5
configure:4670: $? = 0
configure:4688: result: yes
configure:4608: checking for socket
configure:4664: gcc -o conftest -g -O2   conftest.c -lm  >&5
configure:4670: $? = 0
configure:4688: result: yes
configure:4698: checking for gettimeofday
configure:4754: gcc -o conftest -g -O2   conftest.c -lm  >&5
configure:4760: $? = 0
configure:4777: result: yes
configure:4807: checking build system type
configure:4825: result: i686-apple-darwin10
configure:4847: checking host system type
configure:4862: result: x86_64-apple-darwin10
configure:4884: checking for audio API
configure:5475: result: using CoreAudio
configure:5487: checking CoreAudio/CoreAudio.h usability
configure:5504: gcc -c -g -O2   -DHAVE_GETTIMEOFDAY conftest.c >&5
configure:5510: $? = 0
configure:5524: result: yes
configure:5528: checking CoreAudio/CoreAudio.h presence
configure:5543: gcc -E   -DHAVE_GETTIMEOFDAY conftest.c
configure:5549: $? = 0
configure:5563: result: yes
configure:5596: checking for CoreAudio/CoreAudio.h
configure:5603: result: yes
configure:5770: checking for pthread_create in -lpthread
configure:5805: gcc -o conftest -g -O2   -DHAVE_GETTIMEOFDAY  conftest.c -lpthread  -lm  -framework CoreAudio -framework CoreFoundation -framework CoreMidi >&5
configure:5811: $? = 0
configure:5829: result: yes
configure:6025: creating ./config.status

## ---------------------- ##
## Running config.status. ##
## ---------------------- ##

This file was extended by STK config.status 4.4, which was
generated by GNU Autoconf 2.61.  Invocation command line was

  CONFIG_FILES    = 
  CONFIG_HEADERS  = 
  CONFIG_LINKS    = 
  CONFIG_COMMANDS = 
  $ ./config.status 

on Ukulele.local

config.status:604: creating Makefile
config.status:604: creating src/Makefile
config.status:604: creating projects/demo/Makefile
config.status:604: creating projects/effects/Makefile
config.status:604: creating projects/ragamatic/Makefile
config.status:604: creating projects/examples/Makefile
config.status:604: creating projects/examples/libMakefile

## ---------------- ##
## Cache variables. ##
## ---------------- ##

ac_cv_build=i686-apple-darwin10
ac_cv_c_bigendian=no
ac_cv_c_compiler_gnu=yes
ac_cv_c_const=yes
ac_cv_cxx_compiler_gnu=yes
ac_cv_env_CCC_set=
ac_cv_env_CCC_value=
ac_cv_env_CC_set=
ac_cv_env_CC_value=
ac_cv_env_CFLAGS_set=
ac_cv_env_CFLAGS_value=
ac_cv_env_CPPFLAGS_set=
ac_cv_env_CPPFLAGS_value=
ac_cv_env_CPP_set=
ac_cv_env_CPP_value=
ac_cv_env_CXXFLAGS_set=
ac_cv_env_CXXFLAGS_value=
ac_cv_env_CXX_set=
ac_cv_env_CXX_value=
ac_cv_env_LDFLAGS_set=
ac_cv_env_LDFLAGS_value=
ac_cv_env_LIBS_set=
ac_cv_env_LIBS_value=
ac_cv_env_build_alias_set=set
ac_cv_env_build_alias_value=i686-apple-darwin10
ac_cv_env_host_alias_set=set
ac_cv_env_host_alias_value=x86_64-apple-darwin10
ac_cv_env_target_alias_set=
ac_cv_env_target_alias_value=
ac_cv_func_gettimeofday=yes
ac_cv_func_select=yes
ac_cv_func_socket=yes
ac_cv_header_CoreAudio_CoreAudio_h=yes
ac_cv_header_fcntl_h=yes
ac_cv_header_inttypes_h=yes
ac_cv_header_memory_h=yes
ac_cv_header_stdc=yes
ac_cv_header_stdint_h=yes
ac_cv_header_stdlib_h=yes
ac_cv_header_string_h=yes
ac_cv_header_strings_h=yes
ac_cv_header_sys_ioctl_h=yes
ac_cv_header_sys_stat_h=yes
ac_cv_header_sys_time_h=yes
ac_cv_header_sys_types_h=yes
ac_cv_header_termio_h=no
ac_cv_header_time=yes
ac_cv_header_unistd_h=yes
ac_cv_host=x86_64-apple-darwin10
ac_cv_lib_m_cos=yes
ac_cv_lib_pthread_pthread_create=yes
ac_cv_objext=o
ac_cv_path_AR=/usr/bin/ar
ac_cv_path_EGREP='/usr/bin/grep -E'
ac_cv_path_GREP=/usr/bin/grep
ac_cv_prog_CPP='gcc -E'
ac_cv_prog_ac_ct_CC=gcc
ac_cv_prog_ac_ct_CXX=g++
ac_cv_prog_ac_ct_RANLIB=ranlib
ac_cv_prog_cc_c89=
ac_cv_prog_cc_g=yes
ac_cv_prog_cxx_g=yes
ac_cv_type_size_t=yes

## ----------------- ##
## Output variables. ##
## ----------------- ##

AR='/usr/bin/ar'
CC='gcc'
CFLAGS='-g -O2'
CPP='gcc -E'
CPPFLAGS='  -DHAVE_GETTIMEOFDAY  -D__MACOSX_CORE__'
CXX='g++'
CXXFLAGS='-O3 -Wall'
DEFS='-DPACKAGE_NAME=\"STK\" -DPACKAGE_TARNAME=\"stk\" -DPACKAGE_VERSION=\"4.4\" -DPACKAGE_STRING=\"STK\ 4.4\" -DPACKAGE_BUGREPORT=\"gary@music.mcgill.ca\" -DSTDC_HEADERS=1 -DHAVE_SYS_TYPES_H=1 -DHAVE_SYS_STAT_H=1 -DHAVE_STDLIB_H=1 -DHAVE_STRING_H=1 -DHAVE_MEMORY_H=1 -DHAVE_STRINGS_H=1 -DHAVE_INTTYPES_H=1 -DHAVE_STDINT_H=1 -DHAVE_UNISTD_H=1 -DHAVE_FCNTL_H=1 -DHAVE_SYS_IOCTL_H=1 -DHAVE_SYS_TIME_H=1 -DHAVE_UNISTD_H=1 -DTIME_WITH_SYS_TIME=1 -DHAVE_LIBM=1 -DHAVE_SELECT=1 -DHAVE_SOCKET=1 -DHAVE_LIBPTHREAD=1'
ECHO_C=''
ECHO_N='-n'
ECHO_T=''
EGREP='/usr/bin/grep -E'
EXEEXT=''
GREP='/usr/bin/grep'
GXX='yes'
LDFLAGS=''
LIBOBJS=''
LIBS='-lpthread -lm  -framework CoreAudio -framework CoreFoundation -framework CoreMidi'
LTLIBOBJS=''
OBJEXT='o'
PACKAGE_BUGREPORT='gary@music.mcgill.ca'
PACKAGE_NAME='STK'
PACKAGE_STRING='STK 4.4'
PACKAGE_TARNAME='stk'
PACKAGE_VERSION='4.4'
PATH_SEPARATOR=':'
RANLIB='ranlib'
SHELL='/bin/sh'
ac_ct_CC='gcc'
ac_ct_CXX='g++'
api=' -D__MACOSX_CORE__'
bindir='${exec_prefix}/bin'
build='i686-apple-darwin10'
build_alias='i686-apple-darwin10'
build_cpu='i686'
build_os='darwin10'
build_vendor='apple'
byte_order='-D__LITTLE_ENDIAN__'
cppflag=' -DHAVE_GETTIMEOFDAY'
cxxflag='-Wall'
datadir='${datarootdir}'
datarootdir='${prefix}/share'
docdir='${datarootdir}/doc/${PACKAGE_TARNAME}'
dvidir='${docdir}'
exec_prefix='${prefix}'
host='x86_64-apple-darwin10'
host_alias='x86_64-apple-darwin10'
host_cpu='x86_64'
host_os='darwin10'
host_vendor='apple'
htmldir='${docdir}'
include=''
includedir='${prefix}/include'
infodir='${datarootdir}/info'
libdir='${exec_prefix}/lib'
libexecdir='${exec_prefix}/libexec'
localedir='${datarootdir}/locale'
localstatedir='${prefix}/var'
mandir='${datarootdir}/man'
object_path='Release'
objects=''
oldincludedir='/usr/include'
pdfdir='${docdir}'
prefix='/usr/local'
program_transform_name='s,x,x,'
psdir='${docdir}'
rawwaves=''
realtime='yes'
sbindir='${exec_prefix}/sbin'
sharedstatedir='${prefix}/com'
sound_api=''
sysconfdir='${prefix}/etc'
target_alias=''

## ----------- ##
## confdefs.h. ##
## ----------- ##

#define PACKAGE_NAME "STK"
#define PACKAGE_TARNAME "stk"
#define PACKAGE_VERSION "4.4"
#define PACKAGE_STRING "STK 4.4"
#define PACKAGE_BUGREPORT "gary@music.mcgill.ca"
#define STDC_HEADERS 1
#define HAVE_SYS_TYPES_H 1
#define HAVE_SYS_STAT_H 1
#define HAVE_STDLIB_H 1
#define HAVE_STRING_H 1
#define HAVE_MEMORY_H 1
#define HAVE_STRINGS_H 1
#define HAVE_INTTYPES_H 1
#define HAVE_STDINT_H 1
#define HAVE_UNISTD_H 1
#define HAVE_FCNTL_H 1
#define HAVE_SYS_IOCTL_H 1
#define HAVE_SYS_TIME_H 1
#define HAVE_UNISTD_H 1
#define TIME_WITH_SYS_TIME 1
#define HAVE_LIBM 1
#define HAVE_SELECT 1
#define HAVE_SOCKET 1
#define HAVE_LIBPTHREAD 1

configure: exit 0
